Using pre-set license
Built from '2022.3/staging' branch; Version is '2022.3.56f1 (dd0c98481d00) revision 14486680'; Using compiler version '192829333'; Build Type 'Release'
OS: 'Windows 11  (10.0.22631) 64bit Core' Language: 'es' Physical Memory: 32173 MB
BatchMode: 1, IsHumanControllingUs: 0, StartBugReporterOnCrash: 0, Is64bit: 1, IsPro: 1

COMMAND LINE ARGUMENTS:
C:\Program Files\Unity\Hub\Editor\2022.3.56f1\Editor\Unity.exe
-adb2
-batchMode
-noUpm
-name
AssetImportWorker0
-projectPath
C:/Users/User/Documents/GitHub/PJEI_elEscriba_Proyecto1
-logFile
Logs/AssetImportWorker0.log
-srvPort
56890
Successfully changed project path to: C:/Users/User/Documents/GitHub/PJEI_elEscriba_Proyecto1
C:/Users/User/Documents/GitHub/PJEI_elEscriba_Proyecto1
[UnityMemory] Configuration Parameters - Can be set up in boot.config
    "memorysetup-bucket-allocator-granularity=16"
    "memorysetup-bucket-allocator-bucket-count=8"
    "memorysetup-bucket-allocator-block-size=33554432"
    "memorysetup-bucket-allocator-block-count=8"
    "memorysetup-main-allocator-block-size=16777216"
    "memorysetup-thread-allocator-block-size=16777216"
    "memorysetup-gfx-main-allocator-block-size=16777216"
    "memorysetup-gfx-thread-allocator-block-size=16777216"
    "memorysetup-cache-allocator-block-size=4194304"
    "memorysetup-typetree-allocator-block-size=2097152"
    "memorysetup-profiler-bucket-allocator-granularity=16"
    "memorysetup-profiler-bucket-allocator-bucket-count=8"
    "memorysetup-profiler-bucket-allocator-block-size=33554432"
    "memorysetup-profiler-bucket-allocator-block-count=8"
    "memorysetup-profiler-allocator-block-size=16777216"
    "memorysetup-profiler-editor-allocator-block-size=1048576"
    "memorysetup-temp-allocator-size-main=16777216"
    "memorysetup-job-temp-allocator-block-size=2097152"
    "memorysetup-job-temp-allocator-block-size-background=1048576"
    "memorysetup-job-temp-allocator-reduction-small-platforms=262144"
    "memorysetup-allocator-temp-initial-block-size-main=262144"
    "memorysetup-allocator-temp-initial-block-size-worker=262144"
    "memorysetup-temp-allocator-size-background-worker=32768"
    "memorysetup-temp-allocator-size-job-worker=262144"
    "memorysetup-temp-allocator-size-preload-manager=33554432"
    "memorysetup-temp-allocator-size-nav-mesh-worker=65536"
    "memorysetup-temp-allocator-size-audio-worker=65536"
    "memorysetup-temp-allocator-size-cloud-worker=32768"
    "memorysetup-temp-allocator-size-gi-baking-worker=262144"
    "memorysetup-temp-allocator-size-gfx=262144"
Player connection [68580]  Target information:

Player connection [68580]  * "[IP] 172.16.200.225 [Port] 0 [Flags] 2 [Guid] 518660679 [EditorId] 518660679 [Version] 1048832 [Id] WindowsEditor(7,DESKTOP-N1KUA0K) [Debug] 1 [PackageName] WindowsEditor [ProjectName] Editor" 

Player connection [68580] Host joined multi-casting on [225.0.0.222:54997]...
Player connection [68580] Host joined alternative multi-casting on [225.0.0.222:34997]...
Input System module state changed to: Initialized.
[PhysX] Initialized MultithreadedTaskDispatcher with 22 workers.
Refreshing native plugins compatible for Editor in 24.61 ms, found 3 plugins.
Preloading 0 native plugins for Editor in 0.00 ms.
Initialize engine version: 2022.3.56f1 (dd0c98481d00)
[Subsystems] Discovering subsystems at path C:/Program Files/Unity/Hub/Editor/2022.3.56f1/Editor/Data/Resources/UnitySubsystems
[Subsystems] Discovering subsystems at path C:/Users/User/Documents/GitHub/PJEI_elEscriba_Proyecto1/Assets
GfxDevice: creating device client; threaded=0; jobified=0
Direct3D:
    Version:  Direct3D 11.0 [level 11.1]
    Renderer: NVIDIA GeForce RTX 4070 Laptop GPU (ID=0x2860)
    Vendor:   NVIDIA
    VRAM:     7948 MB
    Driver:   32.0.15.6614
Initialize mono
Mono path[0] = 'C:/Program Files/Unity/Hub/Editor/2022.3.56f1/Editor/Data/Managed'
Mono path[1] = 'C:/Program Files/Unity/Hub/Editor/2022.3.56f1/Editor/Data/MonoBleedingEdge/lib/mono/unityjit-win32'
Mono config path = 'C:/Program Files/Unity/Hub/Editor/2022.3.56f1/Editor/Data/MonoBleedingEdge/etc'
Using monoOptions --debugger-agent=transport=dt_socket,embedding=1,server=y,suspend=n,address=127.0.0.1:56452
Begin MonoManager ReloadAssembly
Registering precompiled unity dll's ...
Register platform support module: C:/Program Files/Unity/Hub/Editor/2022.3.56f1/Editor/Data/PlaybackEngines/WebGLSupport/UnityEditor.WebGL.Extensions.dll
Register platform support module: C:/Program Files/Unity/Hub/Editor/2022.3.56f1/Editor/Data/PlaybackEngines/AndroidPlayer/UnityEditor.Android.Extensions.dll
Register platform support module: C:/Program Files/Unity/Hub/Editor/2022.3.56f1/Editor/Data/PlaybackEngines/WindowsStandaloneSupport/UnityEditor.WindowsStandalone.Extensions.dll
Registered in 0.006902 seconds.
- Loaded All Assemblies, in  0.477 seconds
Native extension for WindowsStandalone target not found
Native extension for Android target not found
Android Extension - Scanning For ADB Devices 1018 ms
Native extension for WebGL target not found
Mono: successfully reloaded assembly
- Finished resetting the current domain, in  1.336 seconds
Domain Reload Profiling: 1812ms
	BeginReloadAssembly (187ms)
		ExecutionOrderSort (0ms)
		DisableScriptedObjects (0ms)
		BackupInstance (0ms)
		ReleaseScriptingObjects (0ms)
		CreateAndSetChildDomain (1ms)
	RebuildCommonClasses (37ms)
	RebuildNativeTypeToScriptingClass (10ms)
	initialDomainReloadingComplete (59ms)
	LoadAllAssembliesAndSetupDomain (182ms)
		LoadAssemblies (189ms)
		RebuildTransferFunctionScriptingTraits (0ms)
		AnalyzeDomain (175ms)
			TypeCache.Refresh (174ms)
				TypeCache.ScanAssembly (160ms)
			ScanForSourceGeneratedMonoScriptInfo (0ms)
			ResolveRequiredComponents (0ms)
	FinalizeReload (1336ms)
		ReleaseScriptCaches (0ms)
		RebuildScriptCaches (0ms)
		SetupLoadedEditorAssemblies (1298ms)
			LogAssemblyErrors (0ms)
			InitializePlatformSupportModulesInManaged (1135ms)
			SetLoadedEditorAssemblies (4ms)
			RefreshPlugins (0ms)
			BeforeProcessingInitializeOnLoad (2ms)
			ProcessInitializeOnLoadAttributes (113ms)
			ProcessInitializeOnLoadMethodAttributes (44ms)
			AfterProcessingInitializeOnLoad (0ms)
			EditorAssembliesLoaded (0ms)
		ExecutionOrderSort2 (0ms)
		AwakeInstancesAfterBackupRestoration (0ms)
========================================================================
Worker process is ready to serve import requests
Caller must complete domain reload
Begin MonoManager ReloadAssembly
- Loaded All Assemblies, in  0.899 seconds
Native extension for WindowsStandalone target not found
Native extension for Android target not found
Native extension for WebGL target not found
Mono: successfully reloaded assembly
- Finished resetting the current domain, in  0.787 seconds
Domain Reload Profiling: 1684ms
	BeginReloadAssembly (139ms)
		ExecutionOrderSort (0ms)
		DisableScriptedObjects (5ms)
		BackupInstance (0ms)
		ReleaseScriptingObjects (0ms)
		CreateAndSetChildDomain (21ms)
	RebuildCommonClasses (27ms)
	RebuildNativeTypeToScriptingClass (8ms)
	initialDomainReloadingComplete (42ms)
	LoadAllAssembliesAndSetupDomain (680ms)
		LoadAssemblies (544ms)
		RebuildTransferFunctionScriptingTraits (0ms)
		AnalyzeDomain (218ms)
			TypeCache.Refresh (194ms)
				TypeCache.ScanAssembly (174ms)
			ScanForSourceGeneratedMonoScriptInfo (17ms)
			ResolveRequiredComponents (5ms)
	FinalizeReload (788ms)
		ReleaseScriptCaches (0ms)
		RebuildScriptCaches (0ms)
		SetupLoadedEditorAssemblies (589ms)
			LogAssemblyErrors (0ms)
			InitializePlatformSupportModulesInManaged (23ms)
			SetLoadedEditorAssemblies (4ms)
			RefreshPlugins (0ms)
			BeforeProcessingInitializeOnLoad (68ms)
			ProcessInitializeOnLoadAttributes (458ms)
			ProcessInitializeOnLoadMethodAttributes (29ms)
			AfterProcessingInitializeOnLoad (8ms)
			EditorAssembliesLoaded (0ms)
		ExecutionOrderSort2 (0ms)
		AwakeInstancesAfterBackupRestoration (11ms)
Launched and connected shader compiler UnityShaderCompiler.exe after 0.09 seconds
Refreshing native plugins compatible for Editor in 6.57 ms, found 3 plugins.
Preloading 0 native plugins for Editor in 0.00 ms.
Unloading 3103 Unused Serialized files (Serialized files now loaded: 0)
Unloading 19 unused Assets / (54.6 KB). Loaded Objects now: 3571.
Memory consumption went from 119.5 MB to 119.4 MB.
Total: 6.097400 ms (FindLiveObjects: 0.462000 ms CreateObjectMapping: 0.366900 ms MarkObjects: 5.115600 ms  DeleteObjects: 0.150300 ms)

AssetImportParameters requested are different than current active one (requested -> active):
  custom:container-demuxer-ogg: 62fdf1f143b41e24485cea50d1cbac27 -> 
  custom:video-codec-MediaFoundation-h265: 746d11721c4dcdbdad8f713fa42b33f4 -> 
  custom:video-decoder-ogg-theora: a1e56fd34408186e4bbccfd4996cb3dc -> 
  custom:framework-win-MediaFoundation: 216162199b28c13a410421893ffa2e32 -> 
  custom:CustomObjectIndexerAttribute: 9a22284fe3817be447336de3de66b15e -> 
  custom:container-demuxer-webm: 4f35f7cbe854078d1ac9338744f61a02 -> 
  custom:container-muxer-webm: aa71ff27fc2769a1b78a27578f13a17b -> 
  custom:video-decoder-webm-vp8: 9c59270c3fd7afecdb556c50c9e8de78 -> 
  custom:SearchIndexIgnoredProperties: e643bd26f0fe6173181afceb89e7c659 -> 
  custom:AudioImporter_EditorPlatform: d09bf68614088b80899f8185d706f6e7 -> 
  custom:video-encoder-webm-vp8: eb34c28f22e8b96e1ab97ce403110664 -> 
  custom:audio-decoder-ogg-vorbis: bf7c407c2cedff20999df2af8eb42d56 -> 
  custom:audio-encoder-webm-vorbis: bf7c407c2cedff20999df2af8eb42d56 -> 
========================================================================
Received Import Request.
  Time since last request: 335523.693750 seconds.
  path: Assets/Materials/casa5.mat
  artifactKey: Guid(7182997d7243ae74e8afd583d8c04627) Importer(815301076,1909f56bfc062723c751e8b465ee728b)
Start importing Assets/Materials/casa5.mat using Guid(7182997d7243ae74e8afd583d8c04627) Importer(815301076,1909f56bfc062723c751e8b465ee728b) [PhysX] Initialized MultithreadedTaskDispatcher with 22 workers.
[PhysX] Initialized MultithreadedTaskDispatcher with 22 workers.
 -> (artifact id: 'f55938bdd9678094c44e7ac0ae6e294b') in 0.156458 seconds
Number of updated asset objects reloaded before import = 0
Number of asset objects unloaded after import = 1
========================================================================
Received Import Request.
  Time since last request: 8.296197 seconds.
  path: Assets/Materials/casa5_diffuse.png
  artifactKey: Guid(28fcb9775544b5a40b4c63bc9de43da1) Importer(815301076,1909f56bfc062723c751e8b465ee728b)
Start importing Assets/Materials/casa5_diffuse.png using Guid(28fcb9775544b5a40b4c63bc9de43da1) Importer(815301076,1909f56bfc062723c751e8b465ee728b) [PhysX] Initialized MultithreadedTaskDispatcher with 22 workers.
[PhysX] Initialized MultithreadedTaskDispatcher with 22 workers.
 -> (artifact id: 'a7d57c1c6e4abf07991cc5b67a421410') in 0.037705 seconds
Number of updated asset objects reloaded before import = 0
Number of asset objects unloaded after import = 2
========================================================================
Received Import Request.
  Time since last request: 85.174333 seconds.
  path: Assets/casas/CASA 5_61760_autosave.blend
  artifactKey: Guid(35af44d52f1a1eb42849f3a95015d6fc) Importer(815301076,1909f56bfc062723c751e8b465ee728b)
Start importing Assets/casas/CASA 5_61760_autosave.blend using Guid(35af44d52f1a1eb42849f3a95015d6fc) Importer(815301076,1909f56bfc062723c751e8b465ee728b) [PhysX] Initialized MultithreadedTaskDispatcher with 22 workers.
[PhysX] Initialized MultithreadedTaskDispatcher with 22 workers.
[PhysX] Initialized MultithreadedTaskDispatcher with 22 workers.
[PhysX] Initialized MultithreadedTaskDispatcher with 22 workers.
[PhysX] Initialized MultithreadedTaskDispatcher with 22 workers.
[PhysX] Initialized MultithreadedTaskDispatcher with 22 workers.
[PhysX] Initialized MultithreadedTaskDispatcher with 22 workers.
[PhysX] Initialized MultithreadedTaskDispatcher with 22 workers.
[PhysX] Initialized MultithreadedTaskDispatcher with 22 workers.
[PhysX] Initialized MultithreadedTaskDispatcher with 22 workers.
[PhysX] Initialized MultithreadedTaskDispatcher with 22 workers.
[PhysX] Initialized MultithreadedTaskDispatcher with 22 workers.
[PhysX] Initialized MultithreadedTaskDispatcher with 22 workers.
[PhysX] Initialized MultithreadedTaskDispatcher with 22 workers.
[PhysX] Initialized MultithreadedTaskDispatcher with 22 workers.
[PhysX] Initialized MultithreadedTaskDispatcher with 22 workers.
[PhysX] Initialized MultithreadedTaskDispatcher with 22 workers.
[PhysX] Initialized MultithreadedTaskDispatcher with 22 workers.
[PhysX] Initialized MultithreadedTaskDispatcher with 22 workers.
[PhysX] Initialized MultithreadedTaskDispatcher with 22 workers.
[PhysX] Initialized MultithreadedTaskDispatcher with 22 workers.
[PhysX] Initialized MultithreadedTaskDispatcher with 22 workers.
[PhysX] Initialized MultithreadedTaskDispatcher with 22 workers.
[PhysX] Initialized MultithreadedTaskDispatcher with 22 workers.
[PhysX] Initialized MultithreadedTaskDispatcher with 22 workers.
[PhysX] Initialized MultithreadedTaskDispatcher with 22 workers.
[PhysX] Initialized MultithreadedTaskDispatcher with 22 workers.
[PhysX] Initialized MultithreadedTaskDispatcher with 22 workers.
 -> (artifact id: 'ee6219d303cbd5eea30f049c0d1f0968') in 0.194265 seconds
Number of updated asset objects reloaded before import = 0
Number of asset objects unloaded after import = 72
========================================================================
Received Import Request.
  Time since last request: 1659.635814 seconds.
  path: Assets/casas/casa 11.blend
  artifactKey: Guid(aad8efc1f6871e44c8da547e7f15aec0) Importer(815301076,1909f56bfc062723c751e8b465ee728b)
Start importing Assets/casas/casa 11.blend using Guid(aad8efc1f6871e44c8da547e7f15aec0) Importer(815301076,1909f56bfc062723c751e8b465ee728b) [PhysX] Initialized MultithreadedTaskDispatcher with 22 workers.
[PhysX] Initialized MultithreadedTaskDispatcher with 22 workers.
[PhysX] Initialized MultithreadedTaskDispatcher with 22 workers.
[PhysX] Initialized MultithreadedTaskDispatcher with 22 workers.
[PhysX] Initialized MultithreadedTaskDispatcher with 22 workers.
[PhysX] Initialized MultithreadedTaskDispatcher with 22 workers.
[PhysX] Initialized MultithreadedTaskDispatcher with 22 workers.
[PhysX] Initialized MultithreadedTaskDispatcher with 22 workers.
[PhysX] Initialized MultithreadedTaskDispatcher with 22 workers.
[PhysX] Initialized MultithreadedTaskDispatcher with 22 workers.
[PhysX] Initialized MultithreadedTaskDispatcher with 22 workers.
[PhysX] Initialized MultithreadedTaskDispatcher with 22 workers.
[PhysX] Initialized MultithreadedTaskDispatcher with 22 workers.
[PhysX] Initialized MultithreadedTaskDispatcher with 22 workers.
[PhysX] Initialized MultithreadedTaskDispatcher with 22 workers.
[PhysX] Initialized MultithreadedTaskDispatcher with 22 workers.
[PhysX] Initialized MultithreadedTaskDispatcher with 22 workers.
[PhysX] Initialized MultithreadedTaskDispatcher with 22 workers.
[PhysX] Initialized MultithreadedTaskDispatcher with 22 workers.
[PhysX] Initialized MultithreadedTaskDispatcher with 22 workers.
[PhysX] Initialized MultithreadedTaskDispatcher with 22 workers.
[PhysX] Initialized MultithreadedTaskDispatcher with 22 workers.
 -> (artifact id: 'c670d796f532421b7652d981ca6adff6') in 0.245146 seconds
Number of updated asset objects reloaded before import = 0
Number of asset objects unloaded after import = 55
========================================================================
Received Import Request.
  Time since last request: 28.165899 seconds.
  path: Assets/casas/casa 6.blend
  artifactKey: Guid(1c52c8983630510469cbdd23e97a0e49) Importer(815301076,1909f56bfc062723c751e8b465ee728b)
Start importing Assets/casas/casa 6.blend using Guid(1c52c8983630510469cbdd23e97a0e49) Importer(815301076,1909f56bfc062723c751e8b465ee728b) [PhysX] Initialized MultithreadedTaskDispatcher with 22 workers.
[PhysX] Initialized MultithreadedTaskDispatcher with 22 workers.
[PhysX] Initialized MultithreadedTaskDispatcher with 22 workers.
[PhysX] Initialized MultithreadedTaskDispatcher with 22 workers.
[PhysX] Initialized MultithreadedTaskDispatcher with 22 workers.
[PhysX] Initialized MultithreadedTaskDispatcher with 22 workers.
[PhysX] Initialized MultithreadedTaskDispatcher with 22 workers.
[PhysX] Initialized MultithreadedTaskDispatcher with 22 workers.
[PhysX] Initialized MultithreadedTaskDispatcher with 22 workers.
[PhysX] Initialized MultithreadedTaskDispatcher with 22 workers.
[PhysX] Initialized MultithreadedTaskDispatcher with 22 workers.
[PhysX] Initialized MultithreadedTaskDispatcher with 22 workers.
[PhysX] Initialized MultithreadedTaskDispatcher with 22 workers.
[PhysX] Initialized MultithreadedTaskDispatcher with 22 workers.
[PhysX] Initialized MultithreadedTaskDispatcher with 22 workers.
[PhysX] Initialized MultithreadedTaskDispatcher with 22 workers.
[PhysX] Initialized MultithreadedTaskDispatcher with 22 workers.
[PhysX] Initialized MultithreadedTaskDispatcher with 22 workers.
[PhysX] Initialized MultithreadedTaskDispatcher with 22 workers.
[PhysX] Initialized MultithreadedTaskDispatcher with 22 workers.
[PhysX] Initialized MultithreadedTaskDispatcher with 22 workers.
[PhysX] Initialized MultithreadedTaskDispatcher with 22 workers.
 -> (artifact id: '9f1786fdcf0d534957fd93335f2a9640') in 0.150675 seconds
Number of updated asset objects reloaded before import = 0
Number of asset objects unloaded after import = 55
========================================================================
Received Import Request.
  Time since last request: 94.383365 seconds.
  path: Assets/Materials/casa6.mat
  artifactKey: Guid(2d5d3f5b938e96e4188f1e43df7ed3df) Importer(815301076,1909f56bfc062723c751e8b465ee728b)
Start importing Assets/Materials/casa6.mat using Guid(2d5d3f5b938e96e4188f1e43df7ed3df) Importer(815301076,1909f56bfc062723c751e8b465ee728b) [PhysX] Initialized MultithreadedTaskDispatcher with 22 workers.
[PhysX] Initialized MultithreadedTaskDispatcher with 22 workers.
 -> (artifact id: '398ab71014d42d955892bd121c97f989') in 0.012737 seconds
Number of updated asset objects reloaded before import = 0
Number of asset objects unloaded after import = 1
========================================================================
Received Import Request.
  Time since last request: 9.035259 seconds.
  path: Assets/Materials/casa6_normal.png
  artifactKey: Guid(4f62ff1012ae65e4caa617f24df89298) Importer(815301076,1909f56bfc062723c751e8b465ee728b)
Start importing Assets/Materials/casa6_normal.png using Guid(4f62ff1012ae65e4caa617f24df89298) Importer(815301076,1909f56bfc062723c751e8b465ee728b) [PhysX] Initialized MultithreadedTaskDispatcher with 22 workers.
[PhysX] Initialized MultithreadedTaskDispatcher with 22 workers.
 -> (artifact id: '97e1b8a4c390caa46f03f70fcb456bda') in 0.102588 seconds
Number of updated asset objects reloaded before import = 0
Number of asset objects unloaded after import = 2
========================================================================
Received Import Request.
  Time since last request: 1.059463 seconds.
  path: Assets/Materials/casa6_diffuse.png
  artifactKey: Guid(4a4235978df32584796d48f82783fa28) Importer(815301076,1909f56bfc062723c751e8b465ee728b)
Start importing Assets/Materials/casa6_diffuse.png using Guid(4a4235978df32584796d48f82783fa28) Importer(815301076,1909f56bfc062723c751e8b465ee728b) [PhysX] Initialized MultithreadedTaskDispatcher with 22 workers.
[PhysX] Initialized MultithreadedTaskDispatcher with 22 workers.
 -> (artifact id: '787dde288f4df5e4f0020934f9a020e3') in 0.014924 seconds
Number of updated asset objects reloaded before import = 0
Number of asset objects unloaded after import = 2
========================================================================
Received Import Request.
  Time since last request: 6.326443 seconds.
  path: Assets/Materials/casa6_normal.png
  artifactKey: Guid(4f62ff1012ae65e4caa617f24df89298) Importer(815301076,1909f56bfc062723c751e8b465ee728b)
Start importing Assets/Materials/casa6_normal.png using Guid(4f62ff1012ae65e4caa617f24df89298) Importer(815301076,1909f56bfc062723c751e8b465ee728b) [PhysX] Initialized MultithreadedTaskDispatcher with 22 workers.
[PhysX] Initialized MultithreadedTaskDispatcher with 22 workers.
 -> (artifact id: '6e10060bb0ef49b7eac80af3fc9d9e14') in 0.046655 seconds
Number of updated asset objects reloaded before import = 0
Number of asset objects unloaded after import = 2
========================================================================
Received Import Request.
  Time since last request: 444.048901 seconds.
  path: Assets/Materials/palos.mat
  artifactKey: Guid(31991f3ac7aff05419e06c6eb8ff07be) Importer(815301076,1909f56bfc062723c751e8b465ee728b)
Start importing Assets/Materials/palos.mat using Guid(31991f3ac7aff05419e06c6eb8ff07be) Importer(815301076,1909f56bfc062723c751e8b465ee728b) [PhysX] Initialized MultithreadedTaskDispatcher with 22 workers.
[PhysX] Initialized MultithreadedTaskDispatcher with 22 workers.
 -> (artifact id: '22c98c65948bfe7a1563da068133095a') in 0.016365 seconds
Number of updated asset objects reloaded before import = 0
Number of asset objects unloaded after import = 1
========================================================================
Received Import Request.
  Time since last request: 10.797847 seconds.
  path: Assets/Materials/palos_diffuse.png
  artifactKey: Guid(670ded93c5dd1aa46bcfc54a01d786c1) Importer(815301076,1909f56bfc062723c751e8b465ee728b)
Start importing Assets/Materials/palos_diffuse.png using Guid(670ded93c5dd1aa46bcfc54a01d786c1) Importer(815301076,1909f56bfc062723c751e8b465ee728b) [PhysX] Initialized MultithreadedTaskDispatcher with 22 workers.
[PhysX] Initialized MultithreadedTaskDispatcher with 22 workers.
 -> (artifact id: '13f17565b9372cb53962cf775e4c5460') in 0.013869 seconds
Number of updated asset objects reloaded before import = 0
Number of asset objects unloaded after import = 2
========================================================================
Received Import Request.
  Time since last request: 31.516651 seconds.
  path: Assets/Materials/manto.mat
  artifactKey: Guid(8fd85940882239445a76f6f4220a5210) Importer(815301076,1909f56bfc062723c751e8b465ee728b)
Start importing Assets/Materials/manto.mat using Guid(8fd85940882239445a76f6f4220a5210) Importer(815301076,1909f56bfc062723c751e8b465ee728b) [PhysX] Initialized MultithreadedTaskDispatcher with 22 workers.
[PhysX] Initialized MultithreadedTaskDispatcher with 22 workers.
 -> (artifact id: '5b6f294fc6d4a1ba88d56e3236e91531') in 0.016930 seconds
Number of updated asset objects reloaded before import = 0
Number of asset objects unloaded after import = 1
========================================================================
Received Import Request.
  Time since last request: 5.708099 seconds.
  path: Assets/Materials/manto_diffuse.png
  artifactKey: Guid(2b8453780f4584744bd7cb33ba32643c) Importer(815301076,1909f56bfc062723c751e8b465ee728b)
Start importing Assets/Materials/manto_diffuse.png using Guid(2b8453780f4584744bd7cb33ba32643c) Importer(815301076,1909f56bfc062723c751e8b465ee728b) [PhysX] Initialized MultithreadedTaskDispatcher with 22 workers.
[PhysX] Initialized MultithreadedTaskDispatcher with 22 workers.
 -> (artifact id: '4890ac3403ffd8a4d50e6d115bcb6bbe') in 0.012761 seconds
Number of updated asset objects reloaded before import = 0
Number of asset objects unloaded after import = 2
========================================================================
Received Import Request.
  Time since last request: 395.439678 seconds.
  path: Assets/Materials/troncos.mat
  artifactKey: Guid(19b0706836b0da7418379b05f5360676) Importer(815301076,1909f56bfc062723c751e8b465ee728b)
Start importing Assets/Materials/troncos.mat using Guid(19b0706836b0da7418379b05f5360676) Importer(815301076,1909f56bfc062723c751e8b465ee728b) [PhysX] Initialized MultithreadedTaskDispatcher with 22 workers.
[PhysX] Initialized MultithreadedTaskDispatcher with 22 workers.
 -> (artifact id: '075b5faf6eccb965cf006dabc80d9823') in 0.032205 seconds
Number of updated asset objects reloaded before import = 0
Number of asset objects unloaded after import = 4
========================================================================
Received Import Request.
  Time since last request: 13.622364 seconds.
  path: Assets/textura/Casa 1
  artifactKey: Guid(dd97f70a548335041b836140cb741b4e) Importer(815301076,1909f56bfc062723c751e8b465ee728b)
Start importing Assets/textura/Casa 1 using Guid(dd97f70a548335041b836140cb741b4e) Importer(815301076,1909f56bfc062723c751e8b465ee728b) [PhysX] Initialized MultithreadedTaskDispatcher with 22 workers.
 -> (artifact id: '00519af49d805f16bf554809285b3f03') in 0.001618 seconds
Number of updated asset objects reloaded before import = 0
Number of asset objects unloaded after import = 0
========================================================================
Received Import Request.
  Time since last request: 5.978210 seconds.
  path: Assets/textura/Casa 2
  artifactKey: Guid(2873968489eee8f4e8a2406fda915fab) Importer(815301076,1909f56bfc062723c751e8b465ee728b)
Start importing Assets/textura/Casa 2 using Guid(2873968489eee8f4e8a2406fda915fab) Importer(815301076,1909f56bfc062723c751e8b465ee728b) [PhysX] Initialized MultithreadedTaskDispatcher with 22 workers.
 -> (artifact id: '29bf5f85bb6ab5750c014b08130a55b5') in 0.001496 seconds
Number of updated asset objects reloaded before import = 0
Number of asset objects unloaded after import = 0
========================================================================
Received Import Request.
  Time since last request: 4.571052 seconds.
  path: Assets/textura/New Folder
  artifactKey: Guid(e5b58b0e12beee84dbe63194ed937c43) Importer(815301076,1909f56bfc062723c751e8b465ee728b)
Start importing Assets/textura/New Folder using Guid(e5b58b0e12beee84dbe63194ed937c43) Importer(815301076,1909f56bfc062723c751e8b465ee728b) [PhysX] Initialized MultithreadedTaskDispatcher with 22 workers.
 -> (artifact id: '383390a59070fac9c14c23774f8ab8c6') in 0.000714 seconds
Number of updated asset objects reloaded before import = 0
Number of asset objects unloaded after import = 0
========================================================================
Received Import Request.
  Time since last request: 8.973938 seconds.
  path: Assets/textura/Casa 3
  artifactKey: Guid(e5b58b0e12beee84dbe63194ed937c43) Importer(815301076,1909f56bfc062723c751e8b465ee728b)
Start importing Assets/textura/Casa 3 using Guid(e5b58b0e12beee84dbe63194ed937c43) Importer(815301076,1909f56bfc062723c751e8b465ee728b) [PhysX] Initialized MultithreadedTaskDispatcher with 22 workers.
 -> (artifact id: '3545c9fe7ea80ee121d4167400d5342b') in 0.000662 seconds
Number of updated asset objects reloaded before import = 0
Number of asset objects unloaded after import = 0
========================================================================
Received Import Request.
  Time since last request: 23.042488 seconds.
  path: Assets/textura/Casa 5
  artifactKey: Guid(6739989978b7dcb47b58bc8e9ac4ad31) Importer(815301076,1909f56bfc062723c751e8b465ee728b)
Start importing Assets/textura/Casa 5 using Guid(6739989978b7dcb47b58bc8e9ac4ad31) Importer(815301076,1909f56bfc062723c751e8b465ee728b) [PhysX] Initialized MultithreadedTaskDispatcher with 22 workers.
 -> (artifact id: '3944a457dfa2bfbf96cd81e3c13cb570') in 0.000887 seconds
Number of updated asset objects reloaded before import = 0
Number of asset objects unloaded after import = 0
========================================================================
Received Import Request.
  Time since last request: 5.852954 seconds.
  path: Assets/textura/Casa 4
  artifactKey: Guid(1555d0c171065274baa20f50e66b2130) Importer(815301076,1909f56bfc062723c751e8b465ee728b)
Start importing Assets/textura/Casa 4 using Guid(1555d0c171065274baa20f50e66b2130) Importer(815301076,1909f56bfc062723c751e8b465ee728b) [PhysX] Initialized MultithreadedTaskDispatcher with 22 workers.
 -> (artifact id: '0dd5c7ac4fef379afc07f889207e0659') in 0.000913 seconds
Number of updated asset objects reloaded before import = 0
Number of asset objects unloaded after import = 0
========================================================================
Received Import Request.
  Time since last request: 6.487268 seconds.
  path: Assets/textura/Casa 6
  artifactKey: Guid(f7c435301198f694aa2dfc3ae5125482) Importer(815301076,1909f56bfc062723c751e8b465ee728b)
Start importing Assets/textura/Casa 6 using Guid(f7c435301198f694aa2dfc3ae5125482) Importer(815301076,1909f56bfc062723c751e8b465ee728b) [PhysX] Initialized MultithreadedTaskDispatcher with 22 workers.
 -> (artifact id: '276497ecab8f567ec141fae0c77c3ac0') in 0.000652 seconds
Number of updated asset objects reloaded before import = 0
Number of asset objects unloaded after import = 0
========================================================================
Received Import Request.
  Time since last request: 25.967005 seconds.
  path: Assets/casas/casa puta.blend
  artifactKey: Guid(2c38f3e5d5642fd42ad306e3f33f2bba) Importer(815301076,1909f56bfc062723c751e8b465ee728b)
Start importing Assets/casas/casa puta.blend using Guid(2c38f3e5d5642fd42ad306e3f33f2bba) Importer(815301076,1909f56bfc062723c751e8b465ee728b) [PhysX] Initialized MultithreadedTaskDispatcher with 22 workers.
[PhysX] Initialized MultithreadedTaskDispatcher with 22 workers.
[PhysX] Initialized MultithreadedTaskDispatcher with 22 workers.
[PhysX] Initialized MultithreadedTaskDispatcher with 22 workers.
[PhysX] Initialized MultithreadedTaskDispatcher with 22 workers.
[PhysX] Initialized MultithreadedTaskDispatcher with 22 workers.
[PhysX] Initialized MultithreadedTaskDispatcher with 22 workers.
[PhysX] Initialized MultithreadedTaskDispatcher with 22 workers.
[PhysX] Initialized MultithreadedTaskDispatcher with 22 workers.
[PhysX] Initialized MultithreadedTaskDispatcher with 22 workers.
[PhysX] Initialized MultithreadedTaskDispatcher with 22 workers.
[PhysX] Initialized MultithreadedTaskDispatcher with 22 workers.
[PhysX] Initialized MultithreadedTaskDispatcher with 22 workers.
[PhysX] Initialized MultithreadedTaskDispatcher with 22 workers.
 -> (artifact id: '618a030e679f8331d21315e3af9c5bd2') in 0.114747 seconds
Number of updated asset objects reloaded before import = 0
Number of asset objects unloaded after import = 47
========================================================================
Received Import Request.
  Time since last request: 10.526130 seconds.
  path: Assets
  artifactKey: Guid(00000000000000001000000000000000) Importer(815301076,1909f56bfc062723c751e8b465ee728b)
Start importing Assets using Guid(00000000000000001000000000000000) Importer(815301076,1909f56bfc062723c751e8b465ee728b) [PhysX] Initialized MultithreadedTaskDispatcher with 22 workers.
 -> (artifact id: 'ae5280ad91af67e2a353905758f96678') in 0.000752 seconds
Number of updated asset objects reloaded before import = 0
Number of asset objects unloaded after import = 0
========================================================================
Received Import Request.
  Time since last request: 10.382615 seconds.
  path: Assets/Terreno
  artifactKey: Guid(ff277e3861e765c41a9027f627d162d0) Importer(815301076,1909f56bfc062723c751e8b465ee728b)
Start importing Assets/Terreno using Guid(ff277e3861e765c41a9027f627d162d0) Importer(815301076,1909f56bfc062723c751e8b465ee728b) [PhysX] Initialized MultithreadedTaskDispatcher with 22 workers.
 -> (artifact id: 'ec6fe8a5bc0cb03c28ff8077fd67ac3e') in 0.000775 seconds
Number of updated asset objects reloaded before import = 0
Number of asset objects unloaded after import = 0
========================================================================
Received Import Request.
  Time since last request: 60.833046 seconds.
  path: Assets/Texturas/Casa 3/casa3_normal.001.png
  artifactKey: Guid(2fe5cce8e6bb4e943885f362e3888a5f) Importer(815301076,1909f56bfc062723c751e8b465ee728b)
Start importing Assets/Texturas/Casa 3/casa3_normal.001.png using Guid(2fe5cce8e6bb4e943885f362e3888a5f) Importer(815301076,1909f56bfc062723c751e8b465ee728b) [PhysX] Initialized MultithreadedTaskDispatcher with 22 workers.
[PhysX] Initialized MultithreadedTaskDispatcher with 22 workers.
 -> (artifact id: '864f8562e0d4ebeed4ab410a76ebd72a') in 0.010993 seconds
Number of updated asset objects reloaded before import = 0
Number of asset objects unloaded after import = 2
========================================================================
Received Import Request.
  Time since last request: 13.495847 seconds.
  path: Assets/Texturas/Casa 3/casa3_diffuse.png
  artifactKey: Guid(fea4d27b03d81494bb976312bcefb057) Importer(815301076,1909f56bfc062723c751e8b465ee728b)
Start importing Assets/Texturas/Casa 3/casa3_diffuse.png using Guid(fea4d27b03d81494bb976312bcefb057) Importer(815301076,1909f56bfc062723c751e8b465ee728b) [PhysX] Initialized MultithreadedTaskDispatcher with 22 workers.
[PhysX] Initialized MultithreadedTaskDispatcher with 22 workers.
 -> (artifact id: '6f8b0466e6cb758aea4c7065b52871b9') in 0.010042 seconds
Number of updated asset objects reloaded before import = 0
Number of asset objects unloaded after import = 2
========================================================================
Received Import Request.
  Time since last request: 5.224185 seconds.
  path: Assets/Materials/casa 3.mat
  artifactKey: Guid(27b4d244e72a7d5448d86b123fd5981c) Importer(815301076,1909f56bfc062723c751e8b465ee728b)
Start importing Assets/Materials/casa 3.mat using Guid(27b4d244e72a7d5448d86b123fd5981c) Importer(815301076,1909f56bfc062723c751e8b465ee728b) [PhysX] Initialized MultithreadedTaskDispatcher with 22 workers.
[PhysX] Initialized MultithreadedTaskDispatcher with 22 workers.
 -> (artifact id: '31fa982fffa2535b24ab2aadeb31d4ce') in 0.013552 seconds
Number of updated asset objects reloaded before import = 0
Number of asset objects unloaded after import = 2
========================================================================
Received Import Request.
  Time since last request: 0.000022 seconds.
  path: Assets/Materials/troncos.mat
  artifactKey: Guid(19b0706836b0da7418379b05f5360676) Importer(815301076,1909f56bfc062723c751e8b465ee728b)
Start importing Assets/Materials/troncos.mat using Guid(19b0706836b0da7418379b05f5360676) Importer(815301076,1909f56bfc062723c751e8b465ee728b) [PhysX] Initialized MultithreadedTaskDispatcher with 22 workers.
[PhysX] Initialized MultithreadedTaskDispatcher with 22 workers.
 -> (artifact id: 'ded2e7a597905b8684f7c4565f814bf4') in 0.015149 seconds
Number of updated asset objects reloaded before import = 0
Number of asset objects unloaded after import = 4
========================================================================
Received Import Request.
  Time since last request: 0.332609 seconds.
  path: Assets/Casas/casa puta.blend
  artifactKey: Guid(2c38f3e5d5642fd42ad306e3f33f2bba) Importer(815301076,1909f56bfc062723c751e8b465ee728b)
Start importing Assets/Casas/casa puta.blend using Guid(2c38f3e5d5642fd42ad306e3f33f2bba) Importer(815301076,1909f56bfc062723c751e8b465ee728b) [PhysX] Initialized MultithreadedTaskDispatcher with 22 workers.
[PhysX] Initialized MultithreadedTaskDispatcher with 22 workers.
[PhysX] Initialized MultithreadedTaskDispatcher with 22 workers.
[PhysX] Initialized MultithreadedTaskDispatcher with 22 workers.
[PhysX] Initialized MultithreadedTaskDispatcher with 22 workers.
[PhysX] Initialized MultithreadedTaskDispatcher with 22 workers.
[PhysX] Initialized MultithreadedTaskDispatcher with 22 workers.
[PhysX] Initialized MultithreadedTaskDispatcher with 22 workers.
[PhysX] Initialized MultithreadedTaskDispatcher with 22 workers.
[PhysX] Initialized MultithreadedTaskDispatcher with 22 workers.
[PhysX] Initialized MultithreadedTaskDispatcher with 22 workers.
[PhysX] Initialized MultithreadedTaskDispatcher with 22 workers.
[PhysX] Initialized MultithreadedTaskDispatcher with 22 workers.
[PhysX] Initialized MultithreadedTaskDispatcher with 22 workers.
 -> (artifact id: 'db110a295dec5ed13d6eafcf697e2bfc') in 0.068024 seconds
Number of updated asset objects reloaded before import = 0
Number of asset objects unloaded after import = 46
========================================================================
Received Import Request.
  Time since last request: 21.950112 seconds.
  path: Assets/Casas/CASA 3.blend
  artifactKey: Guid(7993f4b11d473c4468bc1421d17551c4) Importer(815301076,1909f56bfc062723c751e8b465ee728b)
Start importing Assets/Casas/CASA 3.blend using Guid(7993f4b11d473c4468bc1421d17551c4) Importer(815301076,1909f56bfc062723c751e8b465ee728b) [PhysX] Initialized MultithreadedTaskDispatcher with 22 workers.
[PhysX] Initialized MultithreadedTaskDispatcher with 22 workers.
[PhysX] Initialized MultithreadedTaskDispatcher with 22 workers.
[PhysX] Initialized MultithreadedTaskDispatcher with 22 workers.
[PhysX] Initialized MultithreadedTaskDispatcher with 22 workers.
[PhysX] Initialized MultithreadedTaskDispatcher with 22 workers.
[PhysX] Initialized MultithreadedTaskDispatcher with 22 workers.
[PhysX] Initialized MultithreadedTaskDispatcher with 22 workers.
[PhysX] Initialized MultithreadedTaskDispatcher with 22 workers.
[PhysX] Initialized MultithreadedTaskDispatcher with 22 workers.
[PhysX] Initialized MultithreadedTaskDispatcher with 22 workers.
[PhysX] Initialized MultithreadedTaskDispatcher with 22 workers.
[PhysX] Initialized MultithreadedTaskDispatcher with 22 workers.
[PhysX] Initialized MultithreadedTaskDispatcher with 22 workers.
 -> (artifact id: '0f66d94140a2fef02d89161fa6928398') in 0.073066 seconds
Number of updated asset objects reloaded before import = 0
Number of asset objects unloaded after import = 31
========================================================================
Received Import Request.
  Time since last request: 13.998228 seconds.
  path: Assets/Materials/Casa 4.mat
  artifactKey: Guid(c3e9255ef19da2c41a7e22fe6407fb56) Importer(815301076,1909f56bfc062723c751e8b465ee728b)
Start importing Assets/Materials/Casa 4.mat using Guid(c3e9255ef19da2c41a7e22fe6407fb56) Importer(815301076,1909f56bfc062723c751e8b465ee728b) [PhysX] Initialized MultithreadedTaskDispatcher with 22 workers.
[PhysX] Initialized MultithreadedTaskDispatcher with 22 workers.
 -> (artifact id: 'd3e8ad74e4946d022572940c2203dd84') in 0.141062 seconds
Number of updated asset objects reloaded before import = 0
Number of asset objects unloaded after import = 1
========================================================================
Received Import Request.
  Time since last request: 16.990777 seconds.
  path: Assets/Materials/Casa 3.mat
  artifactKey: Guid(c3e9255ef19da2c41a7e22fe6407fb56) Importer(815301076,1909f56bfc062723c751e8b465ee728b)
Start importing Assets/Materials/Casa 3.mat using Guid(c3e9255ef19da2c41a7e22fe6407fb56) Importer(815301076,1909f56bfc062723c751e8b465ee728b) [PhysX] Initialized MultithreadedTaskDispatcher with 22 workers.
[PhysX] Initialized MultithreadedTaskDispatcher with 22 workers.
 -> (artifact id: '9690986cecf2e5f4966ba2948e082b16') in 0.016208 seconds
Number of updated asset objects reloaded before import = 0
Number of asset objects unloaded after import = 1
========================================================================
Received Import Request.
  Time since last request: 8.655133 seconds.
  path: Assets/Texturas/Casa 3/casa3_normal.001.png
  artifactKey: Guid(2fe5cce8e6bb4e943885f362e3888a5f) Importer(815301076,1909f56bfc062723c751e8b465ee728b)
Start importing Assets/Texturas/Casa 3/casa3_normal.001.png using Guid(2fe5cce8e6bb4e943885f362e3888a5f) Importer(815301076,1909f56bfc062723c751e8b465ee728b) [PhysX] Initialized MultithreadedTaskDispatcher with 22 workers.
[PhysX] Initialized MultithreadedTaskDispatcher with 22 workers.
 -> (artifact id: 'dbaeb72fc7b4bdf8d388d1734eb8ac0f') in 0.006282 seconds
Number of updated asset objects reloaded before import = 0
Number of asset objects unloaded after import = 2
========================================================================
Received Import Request.
  Time since last request: 1540.410087 seconds.
  path: Assets/Casas/casa puta.blend
  artifactKey: Guid(2c38f3e5d5642fd42ad306e3f33f2bba) Importer(815301076,1909f56bfc062723c751e8b465ee728b)
Start importing Assets/Casas/casa puta.blend using Guid(2c38f3e5d5642fd42ad306e3f33f2bba) Importer(815301076,1909f56bfc062723c751e8b465ee728b) [PhysX] Initialized MultithreadedTaskDispatcher with 22 workers.
[PhysX] Initialized MultithreadedTaskDispatcher with 22 workers.
[PhysX] Initialized MultithreadedTaskDispatcher with 22 workers.
[PhysX] Initialized MultithreadedTaskDispatcher with 22 workers.
[PhysX] Initialized MultithreadedTaskDispatcher with 22 workers.
[PhysX] Initialized MultithreadedTaskDispatcher with 22 workers.
[PhysX] Initialized MultithreadedTaskDispatcher with 22 workers.
[PhysX] Initialized MultithreadedTaskDispatcher with 22 workers.
[PhysX] Initialized MultithreadedTaskDispatcher with 22 workers.
[PhysX] Initialized MultithreadedTaskDispatcher with 22 workers.
[PhysX] Initialized MultithreadedTaskDispatcher with 22 workers.
[PhysX] Initialized MultithreadedTaskDispatcher with 22 workers.
[PhysX] Initialized MultithreadedTaskDispatcher with 22 workers.
[PhysX] Initialized MultithreadedTaskDispatcher with 22 workers.
 -> (artifact id: 'c5e21d9649682b606be7c2b07b10f118') in 0.084327 seconds
Number of updated asset objects reloaded before import = 0
Number of asset objects unloaded after import = 44
========================================================================
Received Import Request.
  Time since last request: 11.356642 seconds.
  path: Assets/Casas/casa 12.blend
  artifactKey: Guid(3b0016e968a76f441ac20a059cc5e66f) Importer(815301076,1909f56bfc062723c751e8b465ee728b)
Start importing Assets/Casas/casa 12.blend using Guid(3b0016e968a76f441ac20a059cc5e66f) Importer(815301076,1909f56bfc062723c751e8b465ee728b) [PhysX] Initialized MultithreadedTaskDispatcher with 22 workers.
[PhysX] Initialized MultithreadedTaskDispatcher with 22 workers.
[PhysX] Initialized MultithreadedTaskDispatcher with 22 workers.
[PhysX] Initialized MultithreadedTaskDispatcher with 22 workers.
[PhysX] Initialized MultithreadedTaskDispatcher with 22 workers.
[PhysX] Initialized MultithreadedTaskDispatcher with 22 workers.
[PhysX] Initialized MultithreadedTaskDispatcher with 22 workers.
[PhysX] Initialized MultithreadedTaskDispatcher with 22 workers.
[PhysX] Initialized MultithreadedTaskDispatcher with 22 workers.
[PhysX] Initialized MultithreadedTaskDispatcher with 22 workers.
[PhysX] Initialized MultithreadedTaskDispatcher with 22 workers.
[PhysX] Initialized MultithreadedTaskDispatcher with 22 workers.
[PhysX] Initialized MultithreadedTaskDispatcher with 22 workers.
[PhysX] Initialized MultithreadedTaskDispatcher with 22 workers.
[PhysX] Initialized MultithreadedTaskDispatcher with 22 workers.
[PhysX] Initialized MultithreadedTaskDispatcher with 22 workers.
[PhysX] Initialized MultithreadedTaskDispatcher with 22 workers.
[PhysX] Initialized MultithreadedTaskDispatcher with 22 workers.
[PhysX] Initialized MultithreadedTaskDispatcher with 22 workers.
[PhysX] Initialized MultithreadedTaskDispatcher with 22 workers.
[PhysX] Initialized MultithreadedTaskDispatcher with 22 workers.
 -> (artifact id: '30caf586db515263f31e5d19763bc6e8') in 0.115484 seconds
Number of updated asset objects reloaded before import = 0
Number of asset objects unloaded after import = 47
========================================================================
Received Import Request.
  Time since last request: 34.203270 seconds.
  path: Assets/Texturas
  artifactKey: Guid(61dd141ecfcc19845aca6e78b6167ea2) Importer(815301076,1909f56bfc062723c751e8b465ee728b)
Start importing Assets/Texturas using Guid(61dd141ecfcc19845aca6e78b6167ea2) Importer(815301076,1909f56bfc062723c751e8b465ee728b) [PhysX] Initialized MultithreadedTaskDispatcher with 22 workers.
 -> (artifact id: '68aa1eea483813903e6523b374f78d50') in 0.003435 seconds
Number of updated asset objects reloaded before import = 0
Number of asset objects unloaded after import = 0
========================================================================
Received Import Request.
  Time since last request: 12.648087 seconds.
  path: Assets/Texturas/Casa 7.mat
  artifactKey: Guid(448ffee90e1c72f4b809290513cec010) Importer(815301076,1909f56bfc062723c751e8b465ee728b)
Start importing Assets/Texturas/Casa 7.mat using Guid(448ffee90e1c72f4b809290513cec010) Importer(815301076,1909f56bfc062723c751e8b465ee728b) [PhysX] Initialized MultithreadedTaskDispatcher with 22 workers.
[PhysX] Initialized MultithreadedTaskDispatcher with 22 workers.
 -> (artifact id: '0f490740c19638d275fdd176adadeb5d') in 0.011132 seconds
Number of updated asset objects reloaded before import = 0
Number of asset objects unloaded after import = 1
========================================================================
Received Import Request.
  Time since last request: 10.207344 seconds.
  path: Assets/Texturas/Casa 7
  artifactKey: Guid(cfc4d3719156be34eb07c58f3a04fe24) Importer(815301076,1909f56bfc062723c751e8b465ee728b)
Start importing Assets/Texturas/Casa 7 using Guid(cfc4d3719156be34eb07c58f3a04fe24) Importer(815301076,1909f56bfc062723c751e8b465ee728b) [PhysX] Initialized MultithreadedTaskDispatcher with 22 workers.
 -> (artifact id: 'd451c81637857a6ac9eb4791bd652909') in 0.000544 seconds
Number of updated asset objects reloaded before import = 0
Number of asset objects unloaded after import = 0
========================================================================
Received Import Request.
  Time since last request: 15.775152 seconds.
  path: Assets/Texturas/Casa 7/casa7_normal.png
  artifactKey: Guid(bb44a9df8a741fc4aa4dc1519b5e3675) Importer(815301076,1909f56bfc062723c751e8b465ee728b)
Start importing Assets/Texturas/Casa 7/casa7_normal.png using Guid(bb44a9df8a741fc4aa4dc1519b5e3675) Importer(815301076,1909f56bfc062723c751e8b465ee728b) [PhysX] Initialized MultithreadedTaskDispatcher with 22 workers.
[PhysX] Initialized MultithreadedTaskDispatcher with 22 workers.
 -> (artifact id: 'cb82011c66010aa12e0e0a560a76012f') in 0.021367 seconds
Number of updated asset objects reloaded before import = 0
Number of asset objects unloaded after import = 2
========================================================================
Received Import Request.
  Time since last request: 5.212239 seconds.
  path: Assets/Texturas/Casa 7/casa 7_diffuse.png
  artifactKey: Guid(06219294393f63a46adbcedaf31dd146) Importer(815301076,1909f56bfc062723c751e8b465ee728b)
Start importing Assets/Texturas/Casa 7/casa 7_diffuse.png using Guid(06219294393f63a46adbcedaf31dd146) Importer(815301076,1909f56bfc062723c751e8b465ee728b) [PhysX] Initialized MultithreadedTaskDispatcher with 22 workers.
[PhysX] Initialized MultithreadedTaskDispatcher with 22 workers.
 -> (artifact id: '00641bb0b16288e4440baf14f05479c1') in 0.013507 seconds
Number of updated asset objects reloaded before import = 0
Number of asset objects unloaded after import = 2
========================================================================
Received Import Request.
  Time since last request: 1.768962 seconds.
  path: Assets/Texturas/Casa 7/palé_diffuse.png
  artifactKey: Guid(ba73161fab90009488f2ac98db820112) Importer(815301076,1909f56bfc062723c751e8b465ee728b)
Start importing Assets/Texturas/Casa 7/palé_diffuse.png using Guid(ba73161fab90009488f2ac98db820112) Importer(815301076,1909f56bfc062723c751e8b465ee728b) [PhysX] Initialized MultithreadedTaskDispatcher with 22 workers.
[PhysX] Initialized MultithreadedTaskDispatcher with 22 workers.
 -> (artifact id: 'dcd79eed22f0030099962ce54be96dde') in 0.011599 seconds
Number of updated asset objects reloaded before import = 0
Number of asset objects unloaded after import = 2
========================================================================
Received Import Request.
  Time since last request: 141.966566 seconds.
  path: Assets/Materials/Casa 8.mat
  artifactKey: Guid(723524b06bf802646ac36e95f14832cd) Importer(815301076,1909f56bfc062723c751e8b465ee728b)
Start importing Assets/Materials/Casa 8.mat using Guid(723524b06bf802646ac36e95f14832cd) Importer(815301076,1909f56bfc062723c751e8b465ee728b) [PhysX] Initialized MultithreadedTaskDispatcher with 22 workers.
[PhysX] Initialized MultithreadedTaskDispatcher with 22 workers.
 -> (artifact id: '3b3f1fbb3c772c006c88605c4768132f') in 0.141758 seconds
Number of updated asset objects reloaded before import = 0
Number of asset objects unloaded after import = 1
========================================================================
Received Import Request.
  Time since last request: 12.105695 seconds.
  path: Assets/Texturas/Casa 7/casa7_normal.png
  artifactKey: Guid(bb44a9df8a741fc4aa4dc1519b5e3675) Importer(815301076,1909f56bfc062723c751e8b465ee728b)
Start importing Assets/Texturas/Casa 7/casa7_normal.png using Guid(bb44a9df8a741fc4aa4dc1519b5e3675) Importer(815301076,1909f56bfc062723c751e8b465ee728b) [PhysX] Initialized MultithreadedTaskDispatcher with 22 workers.
[PhysX] Initialized MultithreadedTaskDispatcher with 22 workers.
 -> (artifact id: '290992a978ba08ce76962eb257317a41') in 0.011397 seconds
Number of updated asset objects reloaded before import = 0
Number of asset objects unloaded after import = 2
========================================================================
Received Import Request.
  Time since last request: 10.548017 seconds.
  path: Assets/Materials/Palé.mat
  artifactKey: Guid(f650ad53312ff4541bbc9a3911637ac5) Importer(815301076,1909f56bfc062723c751e8b465ee728b)
Start importing Assets/Materials/Palé.mat using Guid(f650ad53312ff4541bbc9a3911637ac5) Importer(815301076,1909f56bfc062723c751e8b465ee728b) [PhysX] Initialized MultithreadedTaskDispatcher with 22 workers.
[PhysX] Initialized MultithreadedTaskDispatcher with 22 workers.
 -> (artifact id: '122cf77365c179304ab9385d168fa212') in 0.029106 seconds
Number of updated asset objects reloaded before import = 0
Number of asset objects unloaded after import = 1
========================================================================
Received Import Request.
  Time since last request: 754.561410 seconds.
  path: Assets/Texturas/Casa 8
  artifactKey: Guid(eae21bbed83e92e44b6088903a538bc4) Importer(815301076,1909f56bfc062723c751e8b465ee728b)
Start importing Assets/Texturas/Casa 8 using Guid(eae21bbed83e92e44b6088903a538bc4) Importer(815301076,1909f56bfc062723c751e8b465ee728b) [PhysX] Initialized MultithreadedTaskDispatcher with 22 workers.
 -> (artifact id: 'f0267d6235c4082292b84280046e945e') in 0.001994 seconds
Number of updated asset objects reloaded before import = 0
Number of asset objects unloaded after import = 0
========================================================================
Received Import Request.
  Time since last request: 18.687687 seconds.
  path: Assets/Texturas/Casa 8/casa8_normal.png
  artifactKey: Guid(6eedfa3325408c148b11c1b8c032fbdb) Importer(815301076,1909f56bfc062723c751e8b465ee728b)
Start importing Assets/Texturas/Casa 8/casa8_normal.png using Guid(6eedfa3325408c148b11c1b8c032fbdb) Importer(815301076,1909f56bfc062723c751e8b465ee728b) [PhysX] Initialized MultithreadedTaskDispatcher with 22 workers.
[PhysX] Initialized MultithreadedTaskDispatcher with 22 workers.
 -> (artifact id: 'c83692fed2b135da6595b7fb9e185246') in 0.013850 seconds
Number of updated asset objects reloaded before import = 0
Number of asset objects unloaded after import = 2
========================================================================
Received Import Request.
  Time since last request: 1.283676 seconds.
  path: Assets/Texturas/Casa 8/casa8_diffuse.png
  artifactKey: Guid(dfdd232b4ed86a747b68e6994a63ddb2) Importer(815301076,1909f56bfc062723c751e8b465ee728b)
Start importing Assets/Texturas/Casa 8/casa8_diffuse.png using Guid(dfdd232b4ed86a747b68e6994a63ddb2) Importer(815301076,1909f56bfc062723c751e8b465ee728b) [PhysX] Initialized MultithreadedTaskDispatcher with 22 workers.
[PhysX] Initialized MultithreadedTaskDispatcher with 22 workers.
 -> (artifact id: '57d340f7f96d7a4e7629de8c19b1797a') in 0.015035 seconds
Number of updated asset objects reloaded before import = 0
Number of asset objects unloaded after import = 2
========================================================================
Received Import Request.
  Time since last request: 87.181385 seconds.
  path: Assets/Casas/casa 8.blend
  artifactKey: Guid(2de11cb00f5211b4d8011153a2ba6752) Importer(815301076,1909f56bfc062723c751e8b465ee728b)
Start importing Assets/Casas/casa 8.blend using Guid(2de11cb00f5211b4d8011153a2ba6752) Importer(815301076,1909f56bfc062723c751e8b465ee728b) [PhysX] Initialized MultithreadedTaskDispatcher with 22 workers.
[PhysX] Initialized MultithreadedTaskDispatcher with 22 workers.
[PhysX] Initialized MultithreadedTaskDispatcher with 22 workers.
[PhysX] Initialized MultithreadedTaskDispatcher with 22 workers.
[PhysX] Initialized MultithreadedTaskDispatcher with 22 workers.
 -> (artifact id: 'da1aa0b892427d8209045edc9afe2eaa') in 0.118165 seconds
Number of updated asset objects reloaded before import = 0
Number of asset objects unloaded after import = 16
========================================================================
Received Import Request.
  Time since last request: 218.413983 seconds.
  path: Assets/Texturas/Casa 8/casa8_diffuse.png
  artifactKey: Guid(dfdd232b4ed86a747b68e6994a63ddb2) Importer(815301076,1909f56bfc062723c751e8b465ee728b)
Start importing Assets/Texturas/Casa 8/casa8_diffuse.png using Guid(dfdd232b4ed86a747b68e6994a63ddb2) Importer(815301076,1909f56bfc062723c751e8b465ee728b) [PhysX] Initialized MultithreadedTaskDispatcher with 22 workers.
[PhysX] Initialized MultithreadedTaskDispatcher with 22 workers.
 -> (artifact id: '048e757b21ddb4898f9a4cf45385b492') in 0.011147 seconds
Number of updated asset objects reloaded before import = 0
Number of asset objects unloaded after import = 2
========================================================================
Received Import Request.
  Time since last request: 28.697161 seconds.
  path: Assets/Materials/New Material.mat
  artifactKey: Guid(e9946f3f4eb427b479590d47427a68a1) Importer(815301076,1909f56bfc062723c751e8b465ee728b)
Start importing Assets/Materials/New Material.mat using Guid(e9946f3f4eb427b479590d47427a68a1) Importer(815301076,1909f56bfc062723c751e8b465ee728b) [PhysX] Initialized MultithreadedTaskDispatcher with 22 workers.
[PhysX] Initialized MultithreadedTaskDispatcher with 22 workers.
 -> (artifact id: 'e45e7afa1bf8760a04b6ed676f775271') in 0.016332 seconds
Number of updated asset objects reloaded before import = 0
Number of asset objects unloaded after import = 1
========================================================================
Received Import Request.
  Time since last request: 5.906014 seconds.
  path: Assets/Materials/casa 9.mat
  artifactKey: Guid(e9946f3f4eb427b479590d47427a68a1) Importer(815301076,1909f56bfc062723c751e8b465ee728b)
Start importing Assets/Materials/casa 9.mat using Guid(e9946f3f4eb427b479590d47427a68a1) Importer(815301076,1909f56bfc062723c751e8b465ee728b) [PhysX] Initialized MultithreadedTaskDispatcher with 22 workers.
[PhysX] Initialized MultithreadedTaskDispatcher with 22 workers.
 -> (artifact id: 'c31b2494b69a6d885de5ff48eeab21dc') in 0.009559 seconds
Number of updated asset objects reloaded before import = 0
Number of asset objects unloaded after import = 1
========================================================================
Received Import Request.
  Time since last request: 10.996264 seconds.
  path: Assets/Texturas/Casa 8/casa8_normal.png
  artifactKey: Guid(6eedfa3325408c148b11c1b8c032fbdb) Importer(815301076,1909f56bfc062723c751e8b465ee728b)
Start importing Assets/Texturas/Casa 8/casa8_normal.png using Guid(6eedfa3325408c148b11c1b8c032fbdb) Importer(815301076,1909f56bfc062723c751e8b465ee728b) [PhysX] Initialized MultithreadedTaskDispatcher with 22 workers.
[PhysX] Initialized MultithreadedTaskDispatcher with 22 workers.
 -> (artifact id: 'e80ef4c845011c974617da5758c9df93') in 0.009038 seconds
Number of updated asset objects reloaded before import = 0
Number of asset objects unloaded after import = 2
========================================================================
Received Import Request.
  Time since last request: 46.654833 seconds.
  path: Assets/Materials/casa 8.mat
  artifactKey: Guid(e9946f3f4eb427b479590d47427a68a1) Importer(815301076,1909f56bfc062723c751e8b465ee728b)
Start importing Assets/Materials/casa 8.mat using Guid(e9946f3f4eb427b479590d47427a68a1) Importer(815301076,1909f56bfc062723c751e8b465ee728b) [PhysX] Initialized MultithreadedTaskDispatcher with 22 workers.
[PhysX] Initialized MultithreadedTaskDispatcher with 22 workers.
 -> (artifact id: '7c291e9dd1c795511b40738502740339') in 0.010602 seconds
Number of updated asset objects reloaded before import = 0
Number of asset objects unloaded after import = 2
========================================================================
Received Import Request.
  Time since last request: 1630.363716 seconds.
  path: Assets/Texturas/Establo
  artifactKey: Guid(f04483696cd488c408899aff77b9018a) Importer(815301076,1909f56bfc062723c751e8b465ee728b)
Start importing Assets/Texturas/Establo using Guid(f04483696cd488c408899aff77b9018a) Importer(815301076,1909f56bfc062723c751e8b465ee728b) [PhysX] Initialized MultithreadedTaskDispatcher with 22 workers.
 -> (artifact id: 'bde9d0f92dda3ecfa06146ba1a9bdef9') in 0.001349 seconds
Number of updated asset objects reloaded before import = 0
Number of asset objects unloaded after import = 0
========================================================================
Received Import Request.
  Time since last request: 46.831396 seconds.
  path: Assets/Texturas/Establo/pared establo_diffuse.png
  artifactKey: Guid(f8904164271fa6044b53ca003638fdf9) Importer(815301076,1909f56bfc062723c751e8b465ee728b)
Start importing Assets/Texturas/Establo/pared establo_diffuse.png using Guid(f8904164271fa6044b53ca003638fdf9) Importer(815301076,1909f56bfc062723c751e8b465ee728b) [PhysX] Initialized MultithreadedTaskDispatcher with 22 workers.
[PhysX] Initialized MultithreadedTaskDispatcher with 22 workers.
 -> (artifact id: '5217ff2665ea1cac56f52a9e79f4be60') in 0.014479 seconds
Number of updated asset objects reloaded before import = 0
Number of asset objects unloaded after import = 2
========================================================================
Received Import Request.
  Time since last request: 12.072271 seconds.
  path: Assets/Materials/Establo.mat
  artifactKey: Guid(2c8664a341741ce4689fdb0e562a5619) Importer(815301076,1909f56bfc062723c751e8b465ee728b)
Start importing Assets/Materials/Establo.mat using Guid(2c8664a341741ce4689fdb0e562a5619) Importer(815301076,1909f56bfc062723c751e8b465ee728b) [PhysX] Initialized MultithreadedTaskDispatcher with 22 workers.
[PhysX] Initialized MultithreadedTaskDispatcher with 22 workers.
 -> (artifact id: '95a88761f00a7b4e519b8b87e888e97a') in 0.017841 seconds
Number of updated asset objects reloaded before import = 0
Number of asset objects unloaded after import = 1
========================================================================
Received Import Request.
  Time since last request: 7.747707 seconds.
  path: Assets/Texturas/Establo/pared establo_normal.png
  artifactKey: Guid(33ab14977d7bb7940b635f7e5dc41607) Importer(815301076,1909f56bfc062723c751e8b465ee728b)
Start importing Assets/Texturas/Establo/pared establo_normal.png using Guid(33ab14977d7bb7940b635f7e5dc41607) Importer(815301076,1909f56bfc062723c751e8b465ee728b) [PhysX] Initialized MultithreadedTaskDispatcher with 22 workers.
[PhysX] Initialized MultithreadedTaskDispatcher with 22 workers.
 -> (artifact id: '92dec848f8671695c1a62e74ab710b23') in 0.009344 seconds
Number of updated asset objects reloaded before import = 0
Number of asset objects unloaded after import = 2
========================================================================
Received Import Request.
  Time since last request: 235.341934 seconds.
  path: Assets/Casas/establo.blend
  artifactKey: Guid(a048dc48dc4a1d2459913efc55c047b8) Importer(815301076,1909f56bfc062723c751e8b465ee728b)
Start importing Assets/Casas/establo.blend using Guid(a048dc48dc4a1d2459913efc55c047b8) Importer(815301076,1909f56bfc062723c751e8b465ee728b) [PhysX] Initialized MultithreadedTaskDispatcher with 22 workers.
[PhysX] Initialized MultithreadedTaskDispatcher with 22 workers.
[PhysX] Initialized MultithreadedTaskDispatcher with 22 workers.
[PhysX] Initialized MultithreadedTaskDispatcher with 22 workers.
[PhysX] Initialized MultithreadedTaskDispatcher with 22 workers.
[PhysX] Initialized MultithreadedTaskDispatcher with 22 workers.
[PhysX] Initialized MultithreadedTaskDispatcher with 22 workers.
[PhysX] Initialized MultithreadedTaskDispatcher with 22 workers.
[PhysX] Initialized MultithreadedTaskDispatcher with 22 workers.
[PhysX] Initialized MultithreadedTaskDispatcher with 22 workers.
[PhysX] Initialized MultithreadedTaskDispatcher with 22 workers.
[PhysX] Initialized MultithreadedTaskDispatcher with 22 workers.
[PhysX] Initialized MultithreadedTaskDispatcher with 22 workers.
[PhysX] Initialized MultithreadedTaskDispatcher with 22 workers.
[PhysX] Initialized MultithreadedTaskDispatcher with 22 workers.
[PhysX] Initialized MultithreadedTaskDispatcher with 22 workers.
[PhysX] Initialized MultithreadedTaskDispatcher with 22 workers.
[PhysX] Initialized MultithreadedTaskDispatcher with 22 workers.
[PhysX] Initialized MultithreadedTaskDispatcher with 22 workers.
 -> (artifact id: 'db299dcf2cb3dcaefc104948532ed47b') in 0.106702 seconds
Number of updated asset objects reloaded before import = 0
Number of asset objects unloaded after import = 42
========================================================================
Received Import Request.
  Time since last request: 151.798672 seconds.
  path: Assets/Texturas/Establo/pale2.png
  artifactKey: Guid(dfe8486d43a84c346946bbf7875aae23) Importer(815301076,1909f56bfc062723c751e8b465ee728b)
Start importing Assets/Texturas/Establo/pale2.png using Guid(dfe8486d43a84c346946bbf7875aae23) Importer(815301076,1909f56bfc062723c751e8b465ee728b) [PhysX] Initialized MultithreadedTaskDispatcher with 22 workers.
[PhysX] Initialized MultithreadedTaskDispatcher with 22 workers.
 -> (artifact id: '5bae117e1ffbc3a17a779052bb7a481b') in 0.013326 seconds
Number of updated asset objects reloaded before import = 0
Number of asset objects unloaded after import = 2
========================================================================
Received Import Request.
  Time since last request: 11.651233 seconds.
  path: Assets/Materials/New Material.mat
  artifactKey: Guid(1e3bfc7f48473e642866557b75fb4ad2) Importer(815301076,1909f56bfc062723c751e8b465ee728b)
Start importing Assets/Materials/New Material.mat using Guid(1e3bfc7f48473e642866557b75fb4ad2) Importer(815301076,1909f56bfc062723c751e8b465ee728b) [PhysX] Initialized MultithreadedTaskDispatcher with 22 workers.
[PhysX] Initialized MultithreadedTaskDispatcher with 22 workers.
 -> (artifact id: '2e8064cb365666be01ee0748669ad6b0') in 0.019342 seconds
Number of updated asset objects reloaded before import = 0
Number of asset objects unloaded after import = 1
========================================================================
Received Import Request.
  Time since last request: 6.341665 seconds.
  path: Assets/Materials/Pale 2.mat
  artifactKey: Guid(1e3bfc7f48473e642866557b75fb4ad2) Importer(815301076,1909f56bfc062723c751e8b465ee728b)
Start importing Assets/Materials/Pale 2.mat using Guid(1e3bfc7f48473e642866557b75fb4ad2) Importer(815301076,1909f56bfc062723c751e8b465ee728b) [PhysX] Initialized MultithreadedTaskDispatcher with 22 workers.
[PhysX] Initialized MultithreadedTaskDispatcher with 22 workers.
 -> (artifact id: '8e40e1b18c32b00b1b1e022b5d0a7ac2') in 0.008761 seconds
Number of updated asset objects reloaded before import = 0
Number of asset objects unloaded after import = 1
========================================================================
Received Import Request.
  Time since last request: 771.294948 seconds.
  path: Assets/Texturas/Casa 6/casa6_diff_nueva.png
  artifactKey: Guid(5aa6181176566794d92587acb503ed0a) Importer(815301076,1909f56bfc062723c751e8b465ee728b)
Start importing Assets/Texturas/Casa 6/casa6_diff_nueva.png using Guid(5aa6181176566794d92587acb503ed0a) Importer(815301076,1909f56bfc062723c751e8b465ee728b) [PhysX] Initialized MultithreadedTaskDispatcher with 22 workers.
[PhysX] Initialized MultithreadedTaskDispatcher with 22 workers.
 -> (artifact id: '9f9281c2bf7ec577917fe0d519351d07') in 0.014609 seconds
Number of updated asset objects reloaded before import = 0
Number of asset objects unloaded after import = 2
========================================================================
Received Import Request.
  Time since last request: 307.710143 seconds.
  path: Assets/Texturas/Casa 6/casa6_diff_nueva 1.png
  artifactKey: Guid(a88145dc1d80479489f9afe9e2bd2285) Importer(815301076,1909f56bfc062723c751e8b465ee728b)
Start importing Assets/Texturas/Casa 6/casa6_diff_nueva 1.png using Guid(a88145dc1d80479489f9afe9e2bd2285) Importer(815301076,1909f56bfc062723c751e8b465ee728b) [PhysX] Initialized MultithreadedTaskDispatcher with 22 workers.
[PhysX] Initialized MultithreadedTaskDispatcher with 22 workers.
 -> (artifact id: 'aa191b03ab8856755e5dd7a7c9ebd772') in 0.015237 seconds
Number of updated asset objects reloaded before import = 0
Number of asset objects unloaded after import = 2
